<?xml version="1.0" encoding="UTF-8"?>
<!-- Generated by org.testng.reporters.JUnitReportReporter -->
<testsuite hostname="Sudheers-MacBook-Pro.local" failures="0" tests="5" name="com.acti.testcase.LoginPageTests" time="40.059" errors="0" timestamp="2023-04-30T00:24:36 PDT" skipped="0">
  <testcase classname="com.acti.testcase.LoginPageTests" name="testLoginInvalidCredentials" time="8.905"/>
  <system-out/>
  <testcase classname="com.acti.testcase.LoginPageTests" name="testForgotPasswordDisplayed" time="9.551"/>
  <system-out/>
  <testcase classname="com.acti.testcase.LoginPageTests" name="testactImageDisplayed" time="7.713"/>
  <system-out/>
  <testcase classname="com.acti.testcase.LoginPageTests" name="testLogin" time="6.331"/>
  <system-out/>
  <testcase classname="com.acti.testcase.LoginPageTests" name="testLoginPageTitle" time="7.559"/>
  <system-out/>
</testsuite> <!-- com.acti.testcase.LoginPageTests -->
